[INFO] Scanning for projects...
[INFO] 
[INFO] ------------------< com.langchao:langchao_spring_mvc >------------------
[INFO] Building langchao_spring_mvc 1.0-SNAPSHOT
[INFO]   from pom.xml
[INFO] --------------------------------[ war ]---------------------------------
[INFO] 
[INFO] >>> jetty:9.4.35.v20201120:run (default-cli) > test-compile @ langchao_spring_mvc >>>
[INFO] 
[INFO] --- resources:3.4.0:resources (default-resources) @ langchao_spring_mvc ---
[WARNING] Using platform encoding (UTF-8 actually) to copy filtered resources, i.e. build is platform dependent!
[INFO] Copying 3 resources from src/main/resources to target/classes
[INFO] 
[INFO] --- compiler:3.8.1:compile (default-compile) @ langchao_spring_mvc ---
[INFO] Nothing to compile - all classes are up to date
[INFO] 
[INFO] --- resources:3.4.0:testResources (default-testResources) @ langchao_spring_mvc ---
[WARNING] Using platform encoding (UTF-8 actually) to copy filtered resources, i.e. build is platform dependent!
[INFO] skip non existing resourceDirectory /Users/davidmeow/Desktop/langchao_spring_mvc/src/test/resources
[INFO] 
[INFO] --- compiler:3.8.1:testCompile (default-testCompile) @ langchao_spring_mvc ---
[INFO] Nothing to compile - all classes are up to date
[INFO] 
[INFO] <<< jetty:9.4.35.v20201120:run (default-cli) < test-compile @ langchao_spring_mvc <<<
[INFO] 
[INFO] 
[INFO] --- jetty:9.4.35.v20201120:run (default-cli) @ langchao_spring_mvc ---
[INFO] Logging initialized @1265ms to org.eclipse.jetty.util.log.Slf4jLog
[INFO] webAppSourceDirectory not set. Trying src/main/webapp
[INFO] Reload Mechanic: automatic
[INFO] nonBlocking:false
[INFO] Classes = /Users/davidmeow/Desktop/langchao_spring_mvc/target/classes
[INFO] Configuring Jetty for project: langchao_spring_mvc
[INFO] Context path = /
[INFO] Tmp directory = /Users/davidmeow/Desktop/langchao_spring_mvc/target/tmp
[INFO] Web defaults = org/eclipse/jetty/webapp/webdefault.xml
[INFO] Web overrides =  none
[INFO] web.xml file = file:///Users/davidmeow/Desktop/langchao_spring_mvc/src/main/webapp/WEB-INF/web.xml
[INFO] Webapp directory = /Users/davidmeow/Desktop/langchao_spring_mvc/src/main/webapp
[INFO] jetty-9.4.35.v20201120; built: 2020-11-20T21:17:03.964Z; git: bdc54f03a5e0a7e280fab27f55c3c75ee8da89fb; jvm 17.0.16+0
[INFO] Scanning elapsed time=84ms
[INFO] No Spring WebApplicationInitializer types detected on classpath
[INFO] DefaultSessionIdManager workerName=node0
[INFO] No SessionScavenger set, using defaults
[INFO] node0 Scavenging every 600000ms
[INFO] Initializing Spring root WebApplicationContext
[INFO] Root WebApplicationContext: initialization started
[INFO] Refreshing Root WebApplicationContext: startup date [Sat Mar 21 11:35:46 CST 2026]; root of context hierarchy
[INFO] Loading XML bean definitions from class path resource [applicationContext.xml]
[INFO] Loaded JDBC driver: org.sqlite.JDBC
[INFO] Root WebApplicationContext: initialization completed in 418 ms
[INFO] Initializing Spring FrameworkServlet 'DispatcherServlet'
[INFO] FrameworkServlet 'DispatcherServlet': initialization started
[INFO] Refreshing WebApplicationContext for namespace 'DispatcherServlet-servlet': startup date [Sat Mar 21 11:35:46 CST 2026]; parent: Root WebApplicationContext
[INFO] Loading XML bean definitions from class path resource [spring-mvc.xml]
[INFO] JSR-330 'javax.inject.Inject' annotation found and supported for autowiring
[INFO] Mapped "{[/user/list],methods=[GET]}" onto public void com.langchao.controller.UserController.list(javax.servlet.http.HttpServletRequest,javax.servlet.http.HttpServletResponse) throws java.io.IOException
[INFO] Mapped "{[/user/quick],methods=[GET],params=[username]}" onto public java.lang.String com.langchao.controller.UserController.save()
[INFO] Looking for @ControllerAdvice: WebApplicationContext for namespace 'DispatcherServlet-servlet': startup date [Sat Mar 21 11:35:46 CST 2026]; parent: Root WebApplicationContext
[INFO] FrameworkServlet 'DispatcherServlet': initialization completed in 87 ms
[INFO] Started o.e.j.m.p.JettyWebAppContext@4d09cade{/,file:///Users/davidmeow/Desktop/langchao_spring_mvc/src/main/webapp/,AVAILABLE}{file:///Users/davidmeow/Desktop/langchao_spring_mvc/src/main/webapp/}
[INFO] Started ServerConnector@457692cb{HTTP/1.1, (http/1.1)}{0.0.0.0:8080}
[INFO] Started @2060ms
[INFO] Started Jetty Server
[WARNING] unavailable
java.lang.reflect.InvocationTargetException
    at jdk.internal.reflect.NativeConstructorAccessorImpl.newInstance0 (Native Method)
    at jdk.internal.reflect.NativeConstructorAccessorImpl.newInstance (NativeConstructorAccessorImpl.java:77)
    at jdk.internal.reflect.DelegatingConstructorAccessorImpl.newInstance (DelegatingConstructorAccessorImpl.java:45)
    at java.lang.reflect.Constructor.newInstanceWithCaller (Constructor.java:500)
    at java.lang.reflect.Constructor.newInstance (Constructor.java:481)
    at org.eclipse.jetty.server.handler.ContextHandler$StaticContext.createInstance (ContextHandler.java:2921)
    at org.eclipse.jetty.servlet.ServletContextHandler$Context.createInstance (ServletContextHandler.java:1299)
    at org.eclipse.jetty.server.handler.ContextHandler$StaticContext.createServlet (ContextHandler.java:2938)
    at org.eclipse.jetty.servlet.ServletHolder.newInstance (ServletHolder.java:1195)
    at org.eclipse.jetty.servlet.ServletHolder.initServlet (ServletHolder.java:584)
    at org.eclipse.jetty.servlet.ServletHolder.getServlet (ServletHolder.java:478)
    at org.eclipse.jetty.servlet.ServletHolder.prepare (ServletHolder.java:751)
    at org.eclipse.jetty.servlet.ServletHandler.doHandle (ServletHandler.java:545)
    at org.eclipse.jetty.server.handler.ScopedHandler.handle (ScopedHandler.java:143)
    at org.eclipse.jetty.security.SecurityHandler.handle (SecurityHandler.java:602)
    at org.eclipse.jetty.server.handler.HandlerWrapper.handle (HandlerWrapper.java:127)
    at org.eclipse.jetty.server.handler.ScopedHandler.nextHandle (ScopedHandler.java:235)
    at org.eclipse.jetty.server.session.SessionHandler.doHandle (SessionHandler.java:1624)
    at org.eclipse.jetty.server.handler.ScopedHandler.nextHandle (ScopedHandler.java:233)
    at org.eclipse.jetty.server.handler.ContextHandler.doHandle (ContextHandler.java:1435)
    at org.eclipse.jetty.server.handler.ScopedHandler.nextScope (ScopedHandler.java:188)
    at org.eclipse.jetty.servlet.ServletHandler.doScope (ServletHandler.java:501)
    at org.eclipse.jetty.server.session.SessionHandler.doScope (SessionHandler.java:1594)
    at org.eclipse.jetty.server.handler.ScopedHandler.nextScope (ScopedHandler.java:186)
    at org.eclipse.jetty.server.handler.ContextHandler.doScope (ContextHandler.java:1350)
    at org.eclipse.jetty.server.handler.ScopedHandler.handle (ScopedHandler.java:141)
    at org.eclipse.jetty.server.handler.ContextHandlerCollection.handle (ContextHandlerCollection.java:191)
    at org.eclipse.jetty.server.handler.HandlerCollection.handle (HandlerCollection.java:146)
    at org.eclipse.jetty.server.handler.HandlerWrapper.handle (HandlerWrapper.java:127)
    at org.eclipse.jetty.server.Server.handle (Server.java:516)
    at org.eclipse.jetty.server.HttpChannel.lambda$handle$1 (HttpChannel.java:388)
    at org.eclipse.jetty.server.HttpChannel.dispatch (HttpChannel.java:633)
    at org.eclipse.jetty.server.HttpChannel.handle (HttpChannel.java:380)
    at org.eclipse.jetty.server.HttpConnection.onFillable (HttpConnection.java:273)
    at org.eclipse.jetty.io.AbstractConnection$ReadCallback.succeeded (AbstractConnection.java:311)
    at org.eclipse.jetty.io.FillInterest.fillable (FillInterest.java:105)
    at org.eclipse.jetty.io.ChannelEndPoint$1.run (ChannelEndPoint.java:104)
    at org.eclipse.jetty.util.thread.QueuedThreadPool.runJob (QueuedThreadPool.java:773)
    at org.eclipse.jetty.util.thread.QueuedThreadPool$Runner.run (QueuedThreadPool.java:905)
    at java.lang.Thread.run (Thread.java:840)
Caused by: java.lang.Error: Unresolved compilation problems: 
	Syntax error, insert "}" to complete Block
	Syntax error, insert "}" to complete Block
	Duplicate method escapeJson(String) in type UserServlet
	Syntax error on token "}", delete this token
	Duplicate method escapeJson(String) in type UserServlet
	Syntax error, insert "}" to complete ClassBody

    at com.langchao.web.UserServlet.<init> (UserServlet.java:116)
    at jdk.internal.reflect.NativeConstructorAccessorImpl.newInstance0 (Native Method)
    at jdk.internal.reflect.NativeConstructorAccessorImpl.newInstance (NativeConstructorAccessorImpl.java:77)
    at jdk.internal.reflect.DelegatingConstructorAccessorImpl.newInstance (DelegatingConstructorAccessorImpl.java:45)
    at java.lang.reflect.Constructor.newInstanceWithCaller (Constructor.java:500)
    at java.lang.reflect.Constructor.newInstance (Constructor.java:481)
    at org.eclipse.jetty.server.handler.ContextHandler$StaticContext.createInstance (ContextHandler.java:2921)
    at org.eclipse.jetty.servlet.ServletContextHandler$Context.createInstance (ServletContextHandler.java:1299)
    at org.eclipse.jetty.server.handler.ContextHandler$StaticContext.createServlet (ContextHandler.java:2938)
    at org.eclipse.jetty.servlet.ServletHolder.newInstance (ServletHolder.java:1195)
    at org.eclipse.jetty.servlet.ServletHolder.initServlet (ServletHolder.java:584)
    at org.eclipse.jetty.servlet.ServletHolder.getServlet (ServletHolder.java:478)
    at org.eclipse.jetty.servlet.ServletHolder.prepare (ServletHolder.java:751)
    at org.eclipse.jetty.servlet.ServletHandler.doHandle (ServletHandler.java:545)
    at org.eclipse.jetty.server.handler.ScopedHandler.handle (ScopedHandler.java:143)
    at org.eclipse.jetty.security.SecurityHandler.handle (SecurityHandler.java:602)
    at org.eclipse.jetty.server.handler.HandlerWrapper.handle (HandlerWrapper.java:127)
    at org.eclipse.jetty.server.handler.ScopedHandler.nextHandle (ScopedHandler.java:235)
    at org.eclipse.jetty.server.session.SessionHandler.doHandle (SessionHandler.java:1624)
    at org.eclipse.jetty.server.handler.ScopedHandler.nextHandle (ScopedHandler.java:233)
    at org.eclipse.jetty.server.handler.ContextHandler.doHandle (ContextHandler.java:1435)
    at org.eclipse.jetty.server.handler.ScopedHandler.nextScope (ScopedHandler.java:188)
    at org.eclipse.jetty.servlet.ServletHandler.doScope (ServletHandler.java:501)
    at org.eclipse.jetty.server.session.SessionHandler.doScope (SessionHandler.java:1594)
    at org.eclipse.jetty.server.handler.ScopedHandler.nextScope (ScopedHandler.java:186)
    at org.eclipse.jetty.server.handler.ContextHandler.doScope (ContextHandler.java:1350)
    at org.eclipse.jetty.server.handler.ScopedHandler.handle (ScopedHandler.java:141)
    at org.eclipse.jetty.server.handler.ContextHandlerCollection.handle (ContextHandlerCollection.java:191)
    at org.eclipse.jetty.server.handler.HandlerCollection.handle (HandlerCollection.java:146)
    at org.eclipse.jetty.server.handler.HandlerWrapper.handle (HandlerWrapper.java:127)
    at org.eclipse.jetty.server.Server.handle (Server.java:516)
    at org.eclipse.jetty.server.HttpChannel.lambda$handle$1 (HttpChannel.java:388)
    at org.eclipse.jetty.server.HttpChannel.dispatch (HttpChannel.java:633)
    at org.eclipse.jetty.server.HttpChannel.handle (HttpChannel.java:380)
    at org.eclipse.jetty.server.HttpConnection.onFillable (HttpConnection.java:273)
    at org.eclipse.jetty.io.AbstractConnection$ReadCallback.succeeded (AbstractConnection.java:311)
    at org.eclipse.jetty.io.FillInterest.fillable (FillInterest.java:105)
    at org.eclipse.jetty.io.ChannelEndPoint$1.run (ChannelEndPoint.java:104)
    at org.eclipse.jetty.util.thread.QueuedThreadPool.runJob (QueuedThreadPool.java:773)
    at org.eclipse.jetty.util.thread.QueuedThreadPool$Runner.run (QueuedThreadPool.java:905)
    at java.lang.Thread.run (Thread.java:840)
[WARNING] /userServlet
javax.servlet.ServletException: javax.servlet.ServletException: UserSerlvet==com.langchao.web.UserServlet@c7aaf5ae{jsp=null,order=-1,inst=true,async=false,src=DESCRIPTOR:file:///Users/davidmeow/Desktop/langchao_spring_mvc/src/main/webapp/WEB-INF/web.xml}
    at org.eclipse.jetty.server.handler.HandlerCollection.handle (HandlerCollection.java:162)
    at org.eclipse.jetty.server.handler.HandlerWrapper.handle (HandlerWrapper.java:127)
    at org.eclipse.jetty.server.Server.handle (Server.java:516)
    at org.eclipse.jetty.server.HttpChannel.lambda$handle$1 (HttpChannel.java:388)
    at org.eclipse.jetty.server.HttpChannel.dispatch (HttpChannel.java:633)
    at org.eclipse.jetty.server.HttpChannel.handle (HttpChannel.java:380)
    at org.eclipse.jetty.server.HttpConnection.onFillable (HttpConnection.java:273)
    at org.eclipse.jetty.io.AbstractConnection$ReadCallback.succeeded (AbstractConnection.java:311)
    at org.eclipse.jetty.io.FillInterest.fillable (FillInterest.java:105)
    at org.eclipse.jetty.io.ChannelEndPoint$1.run (ChannelEndPoint.java:104)
    at org.eclipse.jetty.util.thread.QueuedThreadPool.runJob (QueuedThreadPool.java:773)
    at org.eclipse.jetty.util.thread.QueuedThreadPool$Runner.run (QueuedThreadPool.java:905)
    at java.lang.Thread.run (Thread.java:840)
Caused by: javax.servlet.ServletException: UserSerlvet==com.langchao.web.UserServlet@c7aaf5ae{jsp=null,order=-1,inst=true,async=false,src=DESCRIPTOR:file:///Users/davidmeow/Desktop/langchao_spring_mvc/src/main/webapp/WEB-INF/web.xml}
    at org.eclipse.jetty.servlet.ServletHolder.initServlet (ServletHolder.java:642)
    at org.eclipse.jetty.servlet.ServletHolder.getServlet (ServletHolder.java:478)
    at org.eclipse.jetty.servlet.ServletHolder.prepare (ServletHolder.java:751)
    at org.eclipse.jetty.servlet.ServletHandler.doHandle (ServletHandler.java:545)
    at org.eclipse.jetty.server.handler.ScopedHandler.handle (ScopedHandler.java:143)
    at org.eclipse.jetty.security.SecurityHandler.handle (SecurityHandler.java:602)
    at org.eclipse.jetty.server.handler.HandlerWrapper.handle (HandlerWrapper.java:127)
    at org.eclipse.jetty.server.handler.ScopedHandler.nextHandle (ScopedHandler.java:235)
    at org.eclipse.jetty.server.session.SessionHandler.doHandle (SessionHandler.java:1624)
    at org.eclipse.jetty.server.handler.ScopedHandler.nextHandle (ScopedHandler.java:233)
    at org.eclipse.jetty.server.handler.ContextHandler.doHandle (ContextHandler.java:1435)
    at org.eclipse.jetty.server.handler.ScopedHandler.nextScope (ScopedHandler.java:188)
    at org.eclipse.jetty.servlet.ServletHandler.doScope (ServletHandler.java:501)
    at org.eclipse.jetty.server.session.SessionHandler.doScope (SessionHandler.java:1594)
    at org.eclipse.jetty.server.handler.ScopedHandler.nextScope (ScopedHandler.java:186)
    at org.eclipse.jetty.server.handler.ContextHandler.doScope (ContextHandler.java:1350)
    at org.eclipse.jetty.server.handler.ScopedHandler.handle (ScopedHandler.java:141)
    at org.eclipse.jetty.server.handler.ContextHandlerCollection.handle (ContextHandlerCollection.java:191)
    at org.eclipse.jetty.server.handler.HandlerCollection.handle (HandlerCollection.java:146)
    at org.eclipse.jetty.server.handler.HandlerWrapper.handle (HandlerWrapper.java:127)
    at org.eclipse.jetty.server.Server.handle (Server.java:516)
    at org.eclipse.jetty.server.HttpChannel.lambda$handle$1 (HttpChannel.java:388)
    at org.eclipse.jetty.server.HttpChannel.dispatch (HttpChannel.java:633)
    at org.eclipse.jetty.server.HttpChannel.handle (HttpChannel.java:380)
    at org.eclipse.jetty.server.HttpConnection.onFillable (HttpConnection.java:273)
    at org.eclipse.jetty.io.AbstractConnection$ReadCallback.succeeded (AbstractConnection.java:311)
    at org.eclipse.jetty.io.FillInterest.fillable (FillInterest.java:105)
    at org.eclipse.jetty.io.ChannelEndPoint$1.run (ChannelEndPoint.java:104)
    at org.eclipse.jetty.util.thread.QueuedThreadPool.runJob (QueuedThreadPool.java:773)
    at org.eclipse.jetty.util.thread.QueuedThreadPool$Runner.run (QueuedThreadPool.java:905)
    at java.lang.Thread.run (Thread.java:840)
Caused by: java.lang.reflect.InvocationTargetException
    at jdk.internal.reflect.NativeConstructorAccessorImpl.newInstance0 (Native Method)
    at jdk.internal.reflect.NativeConstructorAccessorImpl.newInstance (NativeConstructorAccessorImpl.java:77)
    at jdk.internal.reflect.DelegatingConstructorAccessorImpl.newInstance (DelegatingConstructorAccessorImpl.java:45)
    at java.lang.reflect.Constructor.newInstanceWithCaller (Constructor.java:500)
    at java.lang.reflect.Constructor.newInstance (Constructor.java:481)
    at org.eclipse.jetty.server.handler.ContextHandler$StaticContext.createInstance (ContextHandler.java:2921)
    at org.eclipse.jetty.servlet.ServletContextHandler$Context.createInstance (ServletContextHandler.java:1299)
    at org.eclipse.jetty.server.handler.ContextHandler$StaticContext.createServlet (ContextHandler.java:2938)
    at org.eclipse.jetty.servlet.ServletHolder.newInstance (ServletHolder.java:1195)
    at org.eclipse.jetty.servlet.ServletHolder.initServlet (ServletHolder.java:584)
    at org.eclipse.jetty.servlet.ServletHolder.getServlet (ServletHolder.java:478)
    at org.eclipse.jetty.servlet.ServletHolder.prepare (ServletHolder.java:751)
    at org.eclipse.jetty.servlet.ServletHandler.doHandle (ServletHandler.java:545)
    at org.eclipse.jetty.server.handler.ScopedHandler.handle (ScopedHandler.java:143)
    at org.eclipse.jetty.security.SecurityHandler.handle (SecurityHandler.java:602)
    at org.eclipse.jetty.server.handler.HandlerWrapper.handle (HandlerWrapper.java:127)
    at org.eclipse.jetty.server.handler.ScopedHandler.nextHandle (ScopedHandler.java:235)
    at org.eclipse.jetty.server.session.SessionHandler.doHandle (SessionHandler.java:1624)
    at org.eclipse.jetty.server.handler.ScopedHandler.nextHandle (ScopedHandler.java:233)
    at org.eclipse.jetty.server.handler.ContextHandler.doHandle (ContextHandler.java:1435)
    at org.eclipse.jetty.server.handler.ScopedHandler.nextScope (ScopedHandler.java:188)
    at org.eclipse.jetty.servlet.ServletHandler.doScope (ServletHandler.java:501)
    at org.eclipse.jetty.server.session.SessionHandler.doScope (SessionHandler.java:1594)
    at org.eclipse.jetty.server.handler.ScopedHandler.nextScope (ScopedHandler.java:186)
    at org.eclipse.jetty.server.handler.ContextHandler.doScope (ContextHandler.java:1350)
    at org.eclipse.jetty.server.handler.ScopedHandler.handle (ScopedHandler.java:141)
    at org.eclipse.jetty.server.handler.ContextHandlerCollection.handle (ContextHandlerCollection.java:191)
    at org.eclipse.jetty.server.handler.HandlerCollection.handle (HandlerCollection.java:146)
    at org.eclipse.jetty.server.handler.HandlerWrapper.handle (HandlerWrapper.java:127)
    at org.eclipse.jetty.server.Server.handle (Server.java:516)
    at org.eclipse.jetty.server.HttpChannel.lambda$handle$1 (HttpChannel.java:388)
    at org.eclipse.jetty.server.HttpChannel.dispatch (HttpChannel.java:633)
    at org.eclipse.jetty.server.HttpChannel.handle (HttpChannel.java:380)
    at org.eclipse.jetty.server.HttpConnection.onFillable (HttpConnection.java:273)
    at org.eclipse.jetty.io.AbstractConnection$ReadCallback.succeeded (AbstractConnection.java:311)
    at org.eclipse.jetty.io.FillInterest.fillable (FillInterest.java:105)
    at org.eclipse.jetty.io.ChannelEndPoint$1.run (ChannelEndPoint.java:104)
    at org.eclipse.jetty.util.thread.QueuedThreadPool.runJob (QueuedThreadPool.java:773)
    at org.eclipse.jetty.util.thread.QueuedThreadPool$Runner.run (QueuedThreadPool.java:905)
    at java.lang.Thread.run (Thread.java:840)
Caused by: java.lang.Error: Unresolved compilation problems: 
	Syntax error, insert "}" to complete Block
	Syntax error, insert "}" to complete Block
	Duplicate method escapeJson(String) in type UserServlet
	Syntax error on token "}", delete this token
	Duplicate method escapeJson(String) in type UserServlet
	Syntax error, insert "}" to complete ClassBody

    at com.langchao.web.UserServlet.<init> (UserServlet.java:116)
    at jdk.internal.reflect.NativeConstructorAccessorImpl.newInstance0 (Native Method)
    at jdk.internal.reflect.NativeConstructorAccessorImpl.newInstance (NativeConstructorAccessorImpl.java:77)
    at jdk.internal.reflect.DelegatingConstructorAccessorImpl.newInstance (DelegatingConstructorAccessorImpl.java:45)
    at java.lang.reflect.Constructor.newInstanceWithCaller (Constructor.java:500)
    at java.lang.reflect.Constructor.newInstance (Constructor.java:481)
    at org.eclipse.jetty.server.handler.ContextHandler$StaticContext.createInstance (ContextHandler.java:2921)
    at org.eclipse.jetty.servlet.ServletContextHandler$Context.createInstance (ServletContextHandler.java:1299)
    at org.eclipse.jetty.server.handler.ContextHandler$StaticContext.createServlet (ContextHandler.java:2938)
    at org.eclipse.jetty.servlet.ServletHolder.newInstance (ServletHolder.java:1195)
    at org.eclipse.jetty.servlet.ServletHolder.initServlet (ServletHolder.java:584)
    at org.eclipse.jetty.servlet.ServletHolder.getServlet (ServletHolder.java:478)
    at org.eclipse.jetty.servlet.ServletHolder.prepare (ServletHolder.java:751)
    at org.eclipse.jetty.servlet.ServletHandler.doHandle (ServletHandler.java:545)
    at org.eclipse.jetty.server.handler.ScopedHandler.handle (ScopedHandler.java:143)
    at org.eclipse.jetty.security.SecurityHandler.handle (SecurityHandler.java:602)
    at org.eclipse.jetty.server.handler.HandlerWrapper.handle (HandlerWrapper.java:127)
    at org.eclipse.jetty.server.handler.ScopedHandler.nextHandle (ScopedHandler.java:235)
    at org.eclipse.jetty.server.session.SessionHandler.doHandle (SessionHandler.java:1624)
    at org.eclipse.jetty.server.handler.ScopedHandler.nextHandle (ScopedHandler.java:233)
    at org.eclipse.jetty.server.handler.ContextHandler.doHandle (ContextHandler.java:1435)
    at org.eclipse.jetty.server.handler.ScopedHandler.nextScope (ScopedHandler.java:188)
    at org.eclipse.jetty.servlet.ServletHandler.doScope (ServletHandler.java:501)
    at org.eclipse.jetty.server.session.SessionHandler.doScope (SessionHandler.java:1594)
    at org.eclipse.jetty.server.handler.ScopedHandler.nextScope (ScopedHandler.java:186)
    at org.eclipse.jetty.server.handler.ContextHandler.doScope (ContextHandler.java:1350)
    at org.eclipse.jetty.server.handler.ScopedHandler.handle (ScopedHandler.java:141)
    at org.eclipse.jetty.server.handler.ContextHandlerCollection.handle (ContextHandlerCollection.java:191)
    at org.eclipse.jetty.server.handler.HandlerCollection.handle (HandlerCollection.java:146)
    at org.eclipse.jetty.server.handler.HandlerWrapper.handle (HandlerWrapper.java:127)
    at org.eclipse.jetty.server.Server.handle (Server.java:516)
    at org.eclipse.jetty.server.HttpChannel.lambda$handle$1 (HttpChannel.java:388)
    at org.eclipse.jetty.server.HttpChannel.dispatch (HttpChannel.java:633)
    at org.eclipse.jetty.server.HttpChannel.handle (HttpChannel.java:380)
    at org.eclipse.jetty.server.HttpConnection.onFillable (HttpConnection.java:273)
    at org.eclipse.jetty.io.AbstractConnection$ReadCallback.succeeded (AbstractConnection.java:311)
    at org.eclipse.jetty.io.FillInterest.fillable (FillInterest.java:105)
    at org.eclipse.jetty.io.ChannelEndPoint$1.run (ChannelEndPoint.java:104)
    at org.eclipse.jetty.util.thread.QueuedThreadPool.runJob (QueuedThreadPool.java:773)
    at org.eclipse.jetty.util.thread.QueuedThreadPool$Runner.run (QueuedThreadPool.java:905)
    at java.lang.Thread.run (Thread.java:840)
[INFO] restarting o.e.j.m.p.JettyWebAppContext@4d09cade{/,file:///Users/davidmeow/Desktop/langchao_spring_mvc/src/main/webapp/,AVAILABLE}{file:///Users/davidmeow/Desktop/langchao_spring_mvc/src/main/webapp/}
[INFO] Destroying Spring FrameworkServlet 'DispatcherServlet'
[INFO] Closing WebApplicationContext for namespace 'DispatcherServlet-servlet': startup date [Sat Mar 21 11:35:46 CST 2026]; parent: Root WebApplicationContext
[INFO] Closing Spring root WebApplicationContext
[INFO] Closing Root WebApplicationContext: startup date [Sat Mar 21 11:35:46 CST 2026]; root of context hierarchy
[INFO] Stopped o.e.j.m.p.JettyWebAppContext@4d09cade{/,file:///Users/davidmeow/Desktop/langchao_spring_mvc/src/main/webapp/,STOPPED}{file:///Users/davidmeow/Desktop/langchao_spring_mvc/src/main/webapp/}
[INFO] Webapp source directory = /Users/davidmeow/Desktop/langchao_spring_mvc/src/main/webapp
[INFO] Reload Mechanic: automatic
[INFO] nonBlocking:false
[INFO] Classes = /Users/davidmeow/Desktop/langchao_spring_mvc/target/classes
[INFO] Context path = /
[INFO] Tmp directory = /Users/davidmeow/Desktop/langchao_spring_mvc/target/tmp
[INFO] Web defaults = org/eclipse/jetty/webapp/webdefault.xml
[INFO] Web overrides =  none
[INFO] web.xml file = file:///Users/davidmeow/Desktop/langchao_spring_mvc/src/main/webapp/WEB-INF/web.xml
[INFO] Webapp directory = /Users/davidmeow/Desktop/langchao_spring_mvc/src/main/webapp
[INFO] Scanning elapsed time=55ms
[INFO] No Spring WebApplicationInitializer types detected on classpath
[INFO] Initializing Spring root WebApplicationContext
[INFO] Root WebApplicationContext: initialization started
[INFO] Refreshing Root WebApplicationContext: startup date [Sat Mar 21 11:36:38 CST 2026]; root of context hierarchy
[INFO] Loading XML bean definitions from class path resource [applicationContext.xml]
[INFO] Loaded JDBC driver: org.sqlite.JDBC
[INFO] Root WebApplicationContext: initialization completed in 340 ms
[INFO] Initializing Spring FrameworkServlet 'DispatcherServlet'
[INFO] FrameworkServlet 'DispatcherServlet': initialization started
[INFO] Refreshing WebApplicationContext for namespace 'DispatcherServlet-servlet': startup date [Sat Mar 21 11:36:38 CST 2026]; parent: Root WebApplicationContext
[INFO] Loading XML bean definitions from class path resource [spring-mvc.xml]
[INFO] JSR-330 'javax.inject.Inject' annotation found and supported for autowiring
[INFO] Mapped "{[/user/list],methods=[GET]}" onto public void com.langchao.controller.UserController.list(javax.servlet.http.HttpServletRequest,javax.servlet.http.HttpServletResponse) throws java.io.IOException
[INFO] Mapped "{[/user/quick],methods=[GET],params=[username]}" onto public java.lang.String com.langchao.controller.UserController.save()
[INFO] Looking for @ControllerAdvice: WebApplicationContext for namespace 'DispatcherServlet-servlet': startup date [Sat Mar 21 11:36:38 CST 2026]; parent: Root WebApplicationContext
[INFO] FrameworkServlet 'DispatcherServlet': initialization completed in 69 ms
[INFO] Started o.e.j.m.p.JettyWebAppContext@4d09cade{/,file:///Users/davidmeow/Desktop/langchao_spring_mvc/src/main/webapp/,AVAILABLE}{file:///Users/davidmeow/Desktop/langchao_spring_mvc/src/main/webapp/}
[INFO] Restart completed at Sat Mar 21 11:36:38 CST 2026
[INFO] restarting o.e.j.m.p.JettyWebAppContext@4d09cade{/,file:///Users/davidmeow/Desktop/langchao_spring_mvc/src/main/webapp/,AVAILABLE}{file:///Users/davidmeow/Desktop/langchao_spring_mvc/src/main/webapp/}
[INFO] Destroying Spring FrameworkServlet 'DispatcherServlet'
[INFO] Closing WebApplicationContext for namespace 'DispatcherServlet-servlet': startup date [Sat Mar 21 11:36:38 CST 2026]; parent: Root WebApplicationContext
[INFO] Closing Spring root WebApplicationContext
[INFO] Closing Root WebApplicationContext: startup date [Sat Mar 21 11:36:38 CST 2026]; root of context hierarchy
[INFO] Stopped o.e.j.m.p.JettyWebAppContext@4d09cade{/,file:///Users/davidmeow/Desktop/langchao_spring_mvc/src/main/webapp/,STOPPED}{file:///Users/davidmeow/Desktop/langchao_spring_mvc/src/main/webapp/}
[INFO] Webapp source directory = /Users/davidmeow/Desktop/langchao_spring_mvc/src/main/webapp
[INFO] Reload Mechanic: automatic
[INFO] nonBlocking:false
[INFO] Classes = /Users/davidmeow/Desktop/langchao_spring_mvc/target/classes
[INFO] Context path = /
[INFO] Tmp directory = /Users/davidmeow/Desktop/langchao_spring_mvc/target/tmp
[INFO] Web defaults = org/eclipse/jetty/webapp/webdefault.xml
[INFO] Web overrides =  none
[INFO] web.xml file = file:///Users/davidmeow/Desktop/langchao_spring_mvc/src/main/webapp/WEB-INF/web.xml
[INFO] Webapp directory = /Users/davidmeow/Desktop/langchao_spring_mvc/src/main/webapp
[INFO] Scanning elapsed time=43ms
[INFO] No Spring WebApplicationInitializer types detected on classpath
[INFO] Initializing Spring root WebApplicationContext
[INFO] Root WebApplicationContext: initialization started
[INFO] Refreshing Root WebApplicationContext: startup date [Sat Mar 21 11:40:51 CST 2026]; root of context hierarchy
[INFO] Loading XML bean definitions from class path resource [applicationContext.xml]
[INFO] Loaded JDBC driver: org.sqlite.JDBC
[INFO] Root WebApplicationContext: initialization completed in 332 ms
[INFO] Initializing Spring FrameworkServlet 'DispatcherServlet'
[INFO] FrameworkServlet 'DispatcherServlet': initialization started
[INFO] Refreshing WebApplicationContext for namespace 'DispatcherServlet-servlet': startup date [Sat Mar 21 11:40:52 CST 2026]; parent: Root WebApplicationContext
[INFO] Loading XML bean definitions from class path resource [spring-mvc.xml]
[INFO] JSR-330 'javax.inject.Inject' annotation found and supported for autowiring
[INFO] Mapped "{[/user/list],methods=[GET]}" onto public void com.langchao.controller.UserController.list(javax.servlet.http.HttpServletRequest,javax.servlet.http.HttpServletResponse) throws java.io.IOException
[INFO] Mapped "{[/user/quick],methods=[GET],params=[username]}" onto public java.lang.String com.langchao.controller.UserController.save()
[INFO] Looking for @ControllerAdvice: WebApplicationContext for namespace 'DispatcherServlet-servlet': startup date [Sat Mar 21 11:40:52 CST 2026]; parent: Root WebApplicationContext
[INFO] FrameworkServlet 'DispatcherServlet': initialization completed in 65 ms
[INFO] Started o.e.j.m.p.JettyWebAppContext@4d09cade{/,file:///Users/davidmeow/Desktop/langchao_spring_mvc/src/main/webapp/,AVAILABLE}{file:///Users/davidmeow/Desktop/langchao_spring_mvc/src/main/webapp/}
[INFO] Restart completed at Sat Mar 21 11:40:52 CST 2026
